<?xml version="1.0" encoding="UTF-8"?>
<!-- Generated by org.testng.reporters.JUnitReportReporter -->
<testsuite skipped="0" hostname="LAPTOP-EUTQRU8P" name="testNGTutorial.AnnotationsExample" tests="3" failures="0" timestamp="2021-04-10T11:51:03 IST" time="0.023" errors="0">
  <testcase name="test" time="0.010" classname="testNGTutorial.AnnotationsExample"/>
  <system-out/>
  <testcase name="test3" time="0.008" classname="testNGTutorial.AnnotationsExample"/>
  <system-out/>
  <testcase name="test2" time="0.005" classname="testNGTutorial.AnnotationsExample"/>
  <system-out/>
</testsuite> <!-- testNGTutorial.AnnotationsExample -->
