<?xml version="1.0" encoding="UTF-8"?>
<!-- Generated by org.testng.reporters.JUnitReportReporter -->
<testsuite skipped="1" hostname="LAPTOP-EUTQRU8P" name="testNGTutorial.SkipTestCase" tests="5" failures="0" timestamp="2021-04-05T18:52:50 IST" time="0.006" errors="0">
  <testcase name="T1" time="0.002" classname="testNGTutorial.SkipTestCase"/>
  <system-out/>
  <testcase name="T3" time="0.002" classname="testNGTutorial.SkipTestCase"/>
  <system-out/>
  <testcase name="T4" time="0.001" classname="testNGTutorial.SkipTestCase"/>
  <system-out/>
  <testcase name="T5" time="0.001" classname="testNGTutorial.SkipTestCase"/>
  <system-out/>
  <testcase name="T2" classname="testNGTutorial.SkipTestCase">
    <skipped/>
  </testcase> <!-- T2 -->
  <system-out/>
</testsuite> <!-- testNGTutorial.SkipTestCase -->
