<?xml version="1.0" encoding="UTF-8"?>
<!-- Generated by org.testng.reporters.JUnitReportReporter -->
<testsuite skipped="0" hostname="LAPTOP-EUTQRU8P" name="testNGTutorial.InitialSetup" tests="3" failures="0" timestamp="2021-04-05T18:52:50 IST" time="0.017" errors="0">
  <testcase name="firstT" time="0.014" classname="testNGTutorial.InitialSetup"/>
  <system-out/>
  <testcase name="secondT" time="0.002" classname="testNGTutorial.InitialSetup"/>
  <system-out/>
  <testcase name="thirdT" time="0.001" classname="testNGTutorial.InitialSetup"/>
  <system-out/>
</testsuite> <!-- testNGTutorial.InitialSetup -->
