<?xml version="1.0" encoding="UTF-8"?>
<!-- Generated by org.testng.reporters.JUnitReportReporter -->
<testsuite skipped="0" hostname="LAPTOP-EUTQRU8P" name="testNGTutorial.ParameterizationExample" tests="3" failures="0" timestamp="2021-04-07T09:54:06 IST" time="0.010" errors="0">
  <testcase name="StudentAge" time="0.010" classname="testNGTutorial.ParameterizationExample"/>
  <system-out/>
  <testcase name="StudentGender" time="0.000" classname="testNGTutorial.ParameterizationExample"/>
  <system-out/>
  <testcase name="StudentName" time="0.000" classname="testNGTutorial.ParameterizationExample"/>
  <system-out/>
</testsuite> <!-- testNGTutorial.ParameterizationExample -->
