<?xml version="1.0" encoding="UTF-8"?>
<!-- Generated by org.testng.reporters.JUnitReportReporter -->
<testsuite skipped="0" hostname="LAPTOP-EUTQRU8P" name="testNGTutorial.TestSuite" tests="3" failures="0" timestamp="2021-04-06T12:51:48 IST" time="14.756" errors="0">
  <testcase name="OpenFlipkart" time="6.798" classname="testNGTutorial.TestSuite"/>
  <system-out/>
  <testcase name="OpenAmazon" time="5.435" classname="testNGTutorial.TestSuite"/>
  <system-out/>
  <testcase name="OpenGoogle" time="2.523" classname="testNGTutorial.TestSuite"/>
  <system-out/>
</testsuite> <!-- testNGTutorial.TestSuite -->
