<?xml version="1.0" encoding="UTF-8"?>
<!-- Generated by org.testng.reporters.JUnitReportReporter -->
<testsuite skipped="0" hostname="LAPTOP-EUTQRU8P" name="testNGTutorial.GroupingTestCase" tests="4" failures="0" timestamp="2021-04-06T19:11:06 IST" time="0.022" errors="0">
  <testcase name="Samsung" time="0.001" classname="testNGTutorial.GroupingTestCase"/>
  <system-out/>
  <testcase name="Samsung2" time="0.002" classname="testNGTutorial.GroupingTestCase"/>
  <system-out/>
  <testcase name="Apple" time="0.016" classname="testNGTutorial.GroupingTestCase"/>
  <system-out/>
  <testcase name="Apple2" time="0.003" classname="testNGTutorial.GroupingTestCase"/>
  <system-out/>
</testsuite> <!-- testNGTutorial.GroupingTestCase -->
