<?xml version="1.0" encoding="UTF-8"?>
<!-- Generated by org.testng.reporters.JUnitReportReporter -->
<testsuite skipped="0" hostname="LAPTOP-EUTQRU8P" name="testNGTutorial.ParallelExecution" tests="2" failures="0" timestamp="2021-04-07T10:13:57 IST" time="195.326" errors="0">
  <testcase name="OpenAmazon" time="133.459" classname="testNGTutorial.ParallelExecution"/>
  <system-out/>
  <testcase name="OpenGoogle" time="61.867" classname="testNGTutorial.ParallelExecution"/>
  <system-out/>
</testsuite> <!-- testNGTutorial.ParallelExecution -->
