<?xml version="1.0" encoding="UTF-8"?>
<!-- Generated by org.testng.reporters.JUnitReportReporter -->
<testsuite skipped="0" hostname="LAPTOP-EUTQRU8P" name="testNGTutorial.Dependencies" tests="4" failures="0" timestamp="2021-04-03T19:40:17 IST" time="0.020" errors="0">
  <testcase name="AddCart" time="0.002" classname="testNGTutorial.Dependencies"/>
  <system-out/>
  <testcase name="openSite" time="0.015" classname="testNGTutorial.Dependencies"/>
  <system-out/>
  <testcase name="loginSite" time="0.001" classname="testNGTutorial.Dependencies"/>
  <system-out/>
  <testcase name="SearchProduct" time="0.002" classname="testNGTutorial.Dependencies"/>
  <system-out/>
</testsuite> <!-- testNGTutorial.Dependencies -->
