<?xml version="1.0" encoding="UTF-8"?>
<!-- Generated by org.testng.reporters.JUnitReportReporter -->
<testsuite skipped="0" hostname="LAPTOP-EUTQRU8P" name="testNGTutorial.SetPriority" tests="5" failures="0" timestamp="2021-04-07T09:55:15 IST" time="0.019" errors="0">
  <testcase name="startACar" time="0.012" classname="testNGTutorial.SetPriority"/>
  <system-out/>
  <testcase name="PutFirstGear" time="0.000" classname="testNGTutorial.SetPriority"/>
  <system-out/>
  <testcase name="Clutch" time="0.000" classname="testNGTutorial.SetPriority"/>
  <system-out/>
  <testcase name="Accelarate" time="0.005" classname="testNGTutorial.SetPriority"/>
  <system-out/>
  <testcase name="Stop" time="0.002" classname="testNGTutorial.SetPriority"/>
  <system-out/>
</testsuite> <!-- testNGTutorial.SetPriority -->
