<?xml version="1.0" encoding="UTF-8"?>
<!-- Generated by org.testng.reporters.JUnitReportReporter -->
<testsuite skipped="0" hostname="LAPTOP-EUTQRU8P" name="dataDrivenTutorial.TestDataJXLLibrary" tests="4" failures="0" timestamp="2021-04-16T14:46:26 IST" time="52.653" errors="0">
  <testcase name="LoginSite" time="8.139" classname="dataDrivenTutorial.TestDataJXLLibrary"/>
  <system-out/>
  <testcase name="LoginSite" time="28.223" classname="dataDrivenTutorial.TestDataJXLLibrary"/>
  <system-out/>
  <testcase name="LoginSite" time="8.039" classname="dataDrivenTutorial.TestDataJXLLibrary"/>
  <system-out/>
  <testcase name="LoginSite" time="8.252" classname="dataDrivenTutorial.TestDataJXLLibrary"/>
  <system-out/>
</testsuite> <!-- dataDrivenTutorial.TestDataJXLLibrary -->
