<?xml version="1.0" encoding="UTF-8"?>
<!-- Generated by org.testng.reporters.JUnitReportReporter -->
<testsuite skipped="0" hostname="LAPTOP-EUTQRU8P" name="dataDrivenTutorial.TestProvider" tests="5" failures="0" timestamp="2021-04-16T17:08:52 IST" time="31.989" errors="0">
  <testcase name="OpenBrowser" time="6.632" classname="dataDrivenTutorial.TestProvider"/>
  <system-out/>
  <testcase name="OpenBrowser" time="6.206" classname="dataDrivenTutorial.TestProvider"/>
  <system-out/>
  <testcase name="OpenBrowser" time="6.370" classname="dataDrivenTutorial.TestProvider"/>
  <system-out/>
  <testcase name="OpenBrowser" time="6.260" classname="dataDrivenTutorial.TestProvider"/>
  <system-out/>
  <testcase name="OpenBrowser" time="6.521" classname="dataDrivenTutorial.TestProvider"/>
  <system-out/>
</testsuite> <!-- dataDrivenTutorial.TestProvider -->
