<?xml version="1.0" encoding="UTF-8"?>
<!-- Generated by org.testng.reporters.JUnitReportReporter -->
<testsuite skipped="0" hostname="LAPTOP-EUTQRU8P" name="dataDrivenTutorial.IncorrectCred" tests="1" failures="0" timestamp="2021-04-14T12:23:07 IST" time="13.977" errors="0">
  <testcase name="InCorrectCred" time="13.977" classname="dataDrivenTutorial.IncorrectCred"/>
  <system-out/>
</testsuite> <!-- dataDrivenTutorial.IncorrectCred -->
