<?xml version="1.0" encoding="UTF-8"?>
<!-- Generated by org.testng.reporters.JUnitReportReporter -->
<testsuite skipped="0" hostname="LAPTOP-EUTQRU8P" name="dataDrivenTutorial.UsingDataProvider" tests="2" failures="0" timestamp="2021-04-14T19:30:49 IST" time="88.335" errors="0">
  <testcase name="CorrectCred" time="50.848" classname="dataDrivenTutorial.UsingDataProvider"/>
  <system-out/>
  <testcase name="CorrectCred" time="37.487" classname="dataDrivenTutorial.UsingDataProvider"/>
  <system-out/>
</testsuite> <!-- dataDrivenTutorial.UsingDataProvider -->
