<?xml version="1.0" encoding="UTF-8"?>
<!-- Generated by org.testng.reporters.JUnitReportReporter -->
<testsuite skipped="0" hostname="LAPTOP-EUTQRU8P" name="testPOM.DropDown" tests="1" failures="0" timestamp="2021-04-22T19:30:55 IST" time="19.565" errors="0">
  <testcase name="HandleWebElements" time="19.565" classname="testPOM.DropDown"/>
  <system-out/>
</testsuite> <!-- testPOM.DropDown -->
