<?xml version="1.0" encoding="UTF-8"?>
<!-- Generated by org.testng.reporters.JUnitReportReporter -->
<testsuite skipped="0" hostname="LAPTOP-EUTQRU8P" name="testPOM.LoginNotUsingFindBy" tests="1" failures="0" timestamp="2021-04-24T19:24:25 IST" time="35.628" errors="0">
  <testcase name="Login" time="35.628" classname="testPOM.LoginNotUsingFindBy"/>
  <system-out/>
</testsuite> <!-- testPOM.LoginNotUsingFindBy -->
