<?xml version="1.0" encoding="UTF-8"?>
<!-- Generated by org.testng.reporters.JUnitReportReporter -->
<testsuite skipped="0" hostname="LAPTOP-EUTQRU8P" name="testPOM.AdminPageFactory" tests="1" failures="0" timestamp="2021-04-24T19:25:14 IST" time="31.697" errors="0">
  <testcase name="AdminPage" time="31.697" classname="testPOM.AdminPageFactory"/>
  <system-out/>
</testsuite> <!-- testPOM.AdminPageFactory -->
