<?xml version="1.0" encoding="UTF-8"?>
<!-- Generated by org.testng.reporters.JUnitReportReporter -->
<testsuite skipped="0" hostname="LAPTOP-EUTQRU8P" name="testPOM.LoginUsingPgFactory" tests="1" failures="0" timestamp="2021-04-24T17:23:51 IST" time="28.802" errors="0">
  <testcase name="LoginPage" time="28.802" classname="testPOM.LoginUsingPgFactory"/>
  <system-out/>
</testsuite> <!-- testPOM.LoginUsingPgFactory -->
