<?xml version="1.0" encoding="UTF-8"?>
<!-- Generated by org.testng.reporters.JUnitReportReporter -->
<testsuite skipped="0" hostname="LAPTOP-EUTQRU8P" name="testPOM.LoginPage" tests="1" failures="0" timestamp="2021-04-24T11:24:10 IST" time="31.618" errors="0">
  <testcase name="HandleWebElements" time="31.618" classname="testPOM.LoginPage"/>
  <system-out/>
</testsuite> <!-- testPOM.LoginPage -->
